INFO:__main__:Started scraper at 02:28:10 04/05/2024
INFO:__main__:Fetching articles from page 1...
INFO:__main__:API URL: https://n1info.hr/wp-json/wp/v2/uc-all-posts, Parameters: {'per_page': 10, 'page': 1}
INFO:__main__:Stopping the loop as article datetime is older than or equal to last scraped datetime.
INFO:__main__:Last scraped datetime saved successfully.
INFO:__main__:Processing and saving the scraped articles...
ERROR:__main__:Failed to insert record into articles table: UNIQUE constraint failed: articles.article_id
INFO:__main__:Articles data successfully written to JSON file.
INFO:__main__:Started scraper at 12:34:00 04/05/2024
INFO:__main__:Fetching articles from page 1...
INFO:__main__:API URL: https://n1info.hr/wp-json/wp/v2/uc-all-posts, Parameters: {'per_page': 10, 'page': 1}
INFO:__main__:Stopping the loop as article datetime is older than or equal to last scraped datetime.
INFO:__main__:Last scraped datetime saved successfully.
INFO:__main__:Processing and saving the scraped articles...
INFO:__main__:Started scraper at 12:34:23 04/05/2024
INFO:__main__:Fetching articles from page 1...
INFO:__main__:API URL: https://n1info.hr/wp-json/wp/v2/uc-all-posts, Parameters: {'per_page': 10, 'page': 1}
INFO:__main__:Stopping the loop as article datetime is older than or equal to last scraped datetime.
INFO:__main__:Last scraped datetime saved successfully.
INFO:__main__:Processing and saving the scraped articles...
INFO:__main__:Started scraper at 12:36:27 04/05/2024
INFO:__main__:Fetching articles from page 1...
INFO:__main__:API URL: https://n1info.hr/wp-json/wp/v2/uc-all-posts, Parameters: {'per_page': 10, 'page': 1}
INFO:__main__:Stopping the loop as article datetime is older than or equal to last scraped datetime.
INFO:__main__:Last scraped datetime saved successfully.
INFO:__main__:Processing and saving the scraped articles...
ERROR:__main__:Failed to insert record into articles table: UNIQUE constraint failed: articles.article_id
INFO:__main__:Articles data successfully written to JSON file.
INFO:__main__:Started scraper at 12:37:57 04/05/2024
INFO:__main__:Fetching articles from page 1...
INFO:__main__:API URL: https://n1info.hr/wp-json/wp/v2/uc-all-posts, Parameters: {'per_page': 10, 'page': 1}
INFO:__main__:Stopping the loop as article datetime is older than or equal to last scraped datetime.
INFO:__main__:Last scraped datetime saved successfully.
INFO:__main__:Processing and saving the scraped articles...
ERROR:__main__:Failed to insert record into articles table: UNIQUE constraint failed: articles.article_id
INFO:__main__:Articles data successfully written to JSON file.
INFO:__main__:Started scraper at 12:39:29 04/05/2024
INFO:__main__:Fetching articles from page 1...
INFO:__main__:API URL: https://n1info.hr/wp-json/wp/v2/uc-all-posts, Parameters: {'per_page': 10, 'page': 1}
INFO:__main__:Stopping the loop as article datetime is older than or equal to last scraped datetime.
INFO:__main__:Last scraped datetime saved successfully.
INFO:__main__:Processing and saving the scraped articles...
ERROR:__main__:Failed to insert record into articles table: UNIQUE constraint failed: articles.article_id
INFO:__main__:Articles data successfully written to JSON file.
INFO:__main__:Started scraper at 12:43:20 04/05/2024
INFO:__main__:Fetching articles from page 1...
INFO:__main__:API URL: https://n1info.hr/wp-json/wp/v2/uc-all-posts, Parameters: {'per_page': 10, 'page': 1}
INFO:__main__:Started scraper at 12:43:46 04/05/2024
INFO:__main__:Fetching articles from page 1...
INFO:__main__:API URL: https://n1info.hr/wp-json/wp/v2/uc-all-posts, Parameters: {'per_page': 10, 'page': 1}
INFO:__main__:Stopping the loop as article datetime is older than or equal to last scraped datetime.
INFO:__main__:Last scraped datetime saved successfully.
INFO:__main__:Processing and saving the scraped articles...
INFO:__main__:Started scraper at 12:43:54 04/05/2024
INFO:__main__:Fetching articles from page 1...
INFO:__main__:API URL: https://n1info.hr/wp-json/wp/v2/uc-all-posts, Parameters: {'per_page': 10, 'page': 1}
INFO:__main__:Stopping the loop as article datetime is older than or equal to last scraped datetime.
INFO:__main__:Last scraped datetime saved successfully.
INFO:__main__:Processing and saving the scraped articles...
ERROR:__main__:Failed to insert record into articles table: UNIQUE constraint failed: articles.article_id
INFO:__main__:Articles data successfully written to JSON file.
INFO:__main__:Initiated setup at 12:44:47.655449 2024-05-04
INFO:__main__:Deleted 'data_temp' directory and its subitems
INFO:__main__:Table 'articles' is dropped
INFO:__main__:Table 'articles' is created
INFO:__main__:2024-05-02T12:44:47.674995
INFO:__main__:Last scraped datetime saved successfully.
INFO:__main__:Started scraper at 12:44:48 04/05/2024
INFO:__main__:Fetching articles from page 1...
INFO:__main__:API URL: https://n1info.hr/wp-json/wp/v2/uc-all-posts, Parameters: {'per_page': 10, 'page': 1}
INFO:__main__:Fetching articles from page 2...
INFO:__main__:API URL: https://n1info.hr/wp-json/wp/v2/uc-all-posts, Parameters: {'per_page': 10, 'page': 2}
INFO:__main__:Fetching articles from page 3...
INFO:__main__:API URL: https://n1info.hr/wp-json/wp/v2/uc-all-posts, Parameters: {'per_page': 10, 'page': 3}
INFO:__main__:Fetching articles from page 4...
INFO:__main__:API URL: https://n1info.hr/wp-json/wp/v2/uc-all-posts, Parameters: {'per_page': 10, 'page': 4}
INFO:__main__:Fetching articles from page 5...
INFO:__main__:API URL: https://n1info.hr/wp-json/wp/v2/uc-all-posts, Parameters: {'per_page': 10, 'page': 5}
INFO:__main__:Fetching articles from page 6...
INFO:__main__:API URL: https://n1info.hr/wp-json/wp/v2/uc-all-posts, Parameters: {'per_page': 10, 'page': 6}
INFO:__main__:Fetching articles from page 7...
INFO:__main__:API URL: https://n1info.hr/wp-json/wp/v2/uc-all-posts, Parameters: {'per_page': 10, 'page': 7}
INFO:__main__:Fetching articles from page 8...
INFO:__main__:API URL: https://n1info.hr/wp-json/wp/v2/uc-all-posts, Parameters: {'per_page': 10, 'page': 8}
INFO:__main__:Fetching articles from page 9...
INFO:__main__:API URL: https://n1info.hr/wp-json/wp/v2/uc-all-posts, Parameters: {'per_page': 10, 'page': 9}
INFO:__main__:Fetching articles from page 10...
INFO:__main__:API URL: https://n1info.hr/wp-json/wp/v2/uc-all-posts, Parameters: {'per_page': 10, 'page': 10}
INFO:__main__:Fetching articles from page 11...
INFO:__main__:API URL: https://n1info.hr/wp-json/wp/v2/uc-all-posts, Parameters: {'per_page': 10, 'page': 11}
INFO:__main__:Fetching articles from page 12...
INFO:__main__:API URL: https://n1info.hr/wp-json/wp/v2/uc-all-posts, Parameters: {'per_page': 10, 'page': 12}
INFO:__main__:Stopping the loop as article datetime is older than or equal to last scraped datetime.
INFO:__main__:Last scraped datetime saved successfully.
INFO:__main__:Processing and saving the scraped articles...
INFO:__main__:Initiated setup at 12:45:58.051289 2024-05-04
INFO:__main__:Table 'articles' is dropped
INFO:__main__:Table 'articles' is created
INFO:__main__:2024-05-02T12:45:58.070299
INFO:__main__:Last scraped datetime saved successfully.
INFO:__main__:Started scraper at 12:45:58 04/05/2024
INFO:__main__:Fetching articles from page 1...
INFO:__main__:API URL: https://n1info.hr/wp-json/wp/v2/uc-all-posts, Parameters: {'per_page': 10, 'page': 1}
INFO:__main__:Fetching articles from page 2...
INFO:__main__:API URL: https://n1info.hr/wp-json/wp/v2/uc-all-posts, Parameters: {'per_page': 10, 'page': 2}
INFO:__main__:Fetching articles from page 3...
INFO:__main__:API URL: https://n1info.hr/wp-json/wp/v2/uc-all-posts, Parameters: {'per_page': 10, 'page': 3}
INFO:__main__:Fetching articles from page 4...
INFO:__main__:API URL: https://n1info.hr/wp-json/wp/v2/uc-all-posts, Parameters: {'per_page': 10, 'page': 4}
INFO:__main__:Fetching articles from page 5...
INFO:__main__:API URL: https://n1info.hr/wp-json/wp/v2/uc-all-posts, Parameters: {'per_page': 10, 'page': 5}
INFO:__main__:Fetching articles from page 6...
INFO:__main__:API URL: https://n1info.hr/wp-json/wp/v2/uc-all-posts, Parameters: {'per_page': 10, 'page': 6}
INFO:__main__:Fetching articles from page 7...
INFO:__main__:API URL: https://n1info.hr/wp-json/wp/v2/uc-all-posts, Parameters: {'per_page': 10, 'page': 7}
INFO:__main__:Initiated setup at 12:48:28.433093 2024-05-04
INFO:__main__:Table 'articles' is dropped
INFO:__main__:Table 'articles' is created
INFO:__main__:2024-05-02T12:48:28.452039
INFO:__main__:Last scraped datetime saved successfully.
INFO:__main__:Started scraper at 12:48:28 04/05/2024
INFO:__main__:Fetching articles from page 1...
INFO:__main__:API URL: https://n1info.hr/wp-json/wp/v2/uc-all-posts, Parameters: {'per_page': 10, 'page': 1}
INFO:__main__:Fetching articles from page 2...
INFO:__main__:API URL: https://n1info.hr/wp-json/wp/v2/uc-all-posts, Parameters: {'per_page': 10, 'page': 2}
INFO:__main__:Fetching articles from page 3...
INFO:__main__:API URL: https://n1info.hr/wp-json/wp/v2/uc-all-posts, Parameters: {'per_page': 10, 'page': 3}
INFO:__main__:Fetching articles from page 4...
INFO:__main__:API URL: https://n1info.hr/wp-json/wp/v2/uc-all-posts, Parameters: {'per_page': 10, 'page': 4}
INFO:__main__:Fetching articles from page 5...
INFO:__main__:API URL: https://n1info.hr/wp-json/wp/v2/uc-all-posts, Parameters: {'per_page': 10, 'page': 5}
INFO:__main__:Fetching articles from page 6...
INFO:__main__:API URL: https://n1info.hr/wp-json/wp/v2/uc-all-posts, Parameters: {'per_page': 10, 'page': 6}
INFO:__main__:Fetching articles from page 7...
INFO:__main__:API URL: https://n1info.hr/wp-json/wp/v2/uc-all-posts, Parameters: {'per_page': 10, 'page': 7}
INFO:__main__:Initiated setup at 12:49:19.230747 2024-05-04
INFO:__main__:Table 'articles' is dropped
INFO:__main__:Table 'articles' is created
INFO:__main__:2024-05-02T12:49:19.247815
INFO:__main__:Last scraped datetime saved successfully.
INFO:__main__:Started scraper at 12:49:19 04/05/2024
INFO:__main__:Fetching articles from page 1...
INFO:__main__:API URL: https://n1info.hr/wp-json/wp/v2/uc-all-posts, Parameters: {'per_page': 10, 'page': 1}
INFO:__main__:Fetching articles from page 2...
INFO:__main__:API URL: https://n1info.hr/wp-json/wp/v2/uc-all-posts, Parameters: {'per_page': 10, 'page': 2}
INFO:__main__:Fetching articles from page 3...
INFO:__main__:API URL: https://n1info.hr/wp-json/wp/v2/uc-all-posts, Parameters: {'per_page': 10, 'page': 3}
INFO:__main__:Fetching articles from page 4...
INFO:__main__:API URL: https://n1info.hr/wp-json/wp/v2/uc-all-posts, Parameters: {'per_page': 10, 'page': 4}
INFO:__main__:Fetching articles from page 5...
INFO:__main__:API URL: https://n1info.hr/wp-json/wp/v2/uc-all-posts, Parameters: {'per_page': 10, 'page': 5}
INFO:__main__:Fetching articles from page 6...
INFO:__main__:API URL: https://n1info.hr/wp-json/wp/v2/uc-all-posts, Parameters: {'per_page': 10, 'page': 6}
INFO:__main__:Fetching articles from page 7...
INFO:__main__:API URL: https://n1info.hr/wp-json/wp/v2/uc-all-posts, Parameters: {'per_page': 10, 'page': 7}
INFO:__main__:Fetching articles from page 8...
INFO:__main__:API URL: https://n1info.hr/wp-json/wp/v2/uc-all-posts, Parameters: {'per_page': 10, 'page': 8}
INFO:__main__:Fetching articles from page 9...
INFO:__main__:API URL: https://n1info.hr/wp-json/wp/v2/uc-all-posts, Parameters: {'per_page': 10, 'page': 9}
INFO:__main__:Fetching articles from page 10...
INFO:__main__:API URL: https://n1info.hr/wp-json/wp/v2/uc-all-posts, Parameters: {'per_page': 10, 'page': 10}
INFO:__main__:Fetching articles from page 11...
INFO:__main__:API URL: https://n1info.hr/wp-json/wp/v2/uc-all-posts, Parameters: {'per_page': 10, 'page': 11}
INFO:__main__:Fetching articles from page 12...
INFO:__main__:API URL: https://n1info.hr/wp-json/wp/v2/uc-all-posts, Parameters: {'per_page': 10, 'page': 12}
INFO:__main__:Stopping the loop as article datetime is older than or equal to last scraped datetime.
INFO:__main__:Last scraped datetime saved successfully.
INFO:__main__:Processing and saving the scraped articles...
INFO:__main__:Initiated setup at 12:50:09.572614 2024-05-04
INFO:__main__:Table 'articles' is dropped
INFO:__main__:Table 'articles' is created
INFO:__main__:2024-05-02T12:50:09.591616
INFO:__main__:Last scraped datetime saved successfully.
INFO:__main__:Started scraper at 12:50:10 04/05/2024
INFO:__main__:Initiated setup at 12:50:41.091406 2024-05-04
INFO:__main__:Table 'articles' is dropped
INFO:__main__:Table 'articles' is created
INFO:__main__:2024-05-02T12:50:41.109136
INFO:__main__:Last scraped datetime saved successfully.
INFO:__main__:Started scraper at 12:50:41 04/05/2024
INFO:__main__:Fetching articles from page 1...
INFO:__main__:API URL: https://n1info.hr/wp-json/wp/v2/uc-all-posts, Parameters: {'per_page': 10, 'page': 1}
INFO:__main__:Fetching articles from page 2...
INFO:__main__:API URL: https://n1info.hr/wp-json/wp/v2/uc-all-posts, Parameters: {'per_page': 10, 'page': 2}
INFO:__main__:Fetching articles from page 3...
INFO:__main__:API URL: https://n1info.hr/wp-json/wp/v2/uc-all-posts, Parameters: {'per_page': 10, 'page': 3}
INFO:__main__:Fetching articles from page 4...
INFO:__main__:API URL: https://n1info.hr/wp-json/wp/v2/uc-all-posts, Parameters: {'per_page': 10, 'page': 4}
INFO:__main__:Fetching articles from page 5...
INFO:__main__:API URL: https://n1info.hr/wp-json/wp/v2/uc-all-posts, Parameters: {'per_page': 10, 'page': 5}
INFO:__main__:Fetching articles from page 6...
INFO:__main__:API URL: https://n1info.hr/wp-json/wp/v2/uc-all-posts, Parameters: {'per_page': 10, 'page': 6}
INFO:__main__:Fetching articles from page 7...
INFO:__main__:API URL: https://n1info.hr/wp-json/wp/v2/uc-all-posts, Parameters: {'per_page': 10, 'page': 7}
INFO:__main__:Fetching articles from page 8...
INFO:__main__:API URL: https://n1info.hr/wp-json/wp/v2/uc-all-posts, Parameters: {'per_page': 10, 'page': 8}
INFO:__main__:Fetching articles from page 9...
INFO:__main__:API URL: https://n1info.hr/wp-json/wp/v2/uc-all-posts, Parameters: {'per_page': 10, 'page': 9}
INFO:__main__:Fetching articles from page 10...
INFO:__main__:API URL: https://n1info.hr/wp-json/wp/v2/uc-all-posts, Parameters: {'per_page': 10, 'page': 10}
INFO:__main__:Fetching articles from page 11...
INFO:__main__:API URL: https://n1info.hr/wp-json/wp/v2/uc-all-posts, Parameters: {'per_page': 10, 'page': 11}
INFO:__main__:Fetching articles from page 12...
INFO:__main__:API URL: https://n1info.hr/wp-json/wp/v2/uc-all-posts, Parameters: {'per_page': 10, 'page': 12}
INFO:__main__:Initiated setup at 12:51:28.319405 2024-05-04
INFO:__main__:Table 'articles' is dropped
INFO:__main__:Table 'articles' is created
INFO:__main__:2024-05-02T12:51:28.338962
INFO:__main__:Last scraped datetime saved successfully.
INFO:__main__:Started scraper at 12:51:28 04/05/2024
INFO:__main__:Fetching articles from page 1...
INFO:__main__:API URL: https://n1info.hr/wp-json/wp/v2/uc-all-posts, Parameters: {'per_page': 10, 'page': 1}
INFO:__main__:Fetching articles from page 2...
INFO:__main__:API URL: https://n1info.hr/wp-json/wp/v2/uc-all-posts, Parameters: {'per_page': 10, 'page': 2}
INFO:__main__:Fetching articles from page 3...
INFO:__main__:API URL: https://n1info.hr/wp-json/wp/v2/uc-all-posts, Parameters: {'per_page': 10, 'page': 3}
INFO:__main__:Fetching articles from page 4...
INFO:__main__:API URL: https://n1info.hr/wp-json/wp/v2/uc-all-posts, Parameters: {'per_page': 10, 'page': 4}
INFO:__main__:Fetching articles from page 5...
INFO:__main__:API URL: https://n1info.hr/wp-json/wp/v2/uc-all-posts, Parameters: {'per_page': 10, 'page': 5}
INFO:__main__:Fetching articles from page 6...
INFO:__main__:API URL: https://n1info.hr/wp-json/wp/v2/uc-all-posts, Parameters: {'per_page': 10, 'page': 6}
INFO:__main__:Fetching articles from page 7...
INFO:__main__:API URL: https://n1info.hr/wp-json/wp/v2/uc-all-posts, Parameters: {'per_page': 10, 'page': 7}
INFO:__main__:Fetching articles from page 8...
INFO:__main__:API URL: https://n1info.hr/wp-json/wp/v2/uc-all-posts, Parameters: {'per_page': 10, 'page': 8}
INFO:__main__:Fetching articles from page 9...
INFO:__main__:API URL: https://n1info.hr/wp-json/wp/v2/uc-all-posts, Parameters: {'per_page': 10, 'page': 9}
INFO:__main__:Fetching articles from page 10...
INFO:__main__:API URL: https://n1info.hr/wp-json/wp/v2/uc-all-posts, Parameters: {'per_page': 10, 'page': 10}
INFO:__main__:Fetching articles from page 11...
INFO:__main__:API URL: https://n1info.hr/wp-json/wp/v2/uc-all-posts, Parameters: {'per_page': 10, 'page': 11}
INFO:__main__:Fetching articles from page 12...
INFO:__main__:API URL: https://n1info.hr/wp-json/wp/v2/uc-all-posts, Parameters: {'per_page': 10, 'page': 12}
INFO:__main__:Stopping the loop as article datetime is older than or equal to last scraped datetime.
INFO:__main__:Last scraped datetime saved successfully.
INFO:__main__:Processing and saving the scraped articles...
ERROR:__main__:Failed to insert record into articles table: UNIQUE constraint failed: articles.article_id
ERROR:__main__:Failed to insert record into articles table: UNIQUE constraint failed: articles.article_id
ERROR:__main__:Failed to insert record into articles table: UNIQUE constraint failed: articles.article_id
ERROR:__main__:Failed to insert record into articles table: UNIQUE constraint failed: articles.article_id
ERROR:__main__:Failed to insert record into articles table: UNIQUE constraint failed: articles.article_id
ERROR:__main__:Failed to insert record into articles table: UNIQUE constraint failed: articles.article_id
INFO:__main__:Articles data successfully written to JSON file.
INFO:__main__:Initiated setup at 12:56:43.183024 2024-05-04
INFO:__main__:Deleted 'data_temp' directory and its subitems
INFO:__main__:Table 'articles' is dropped
INFO:__main__:Table 'articles' is created
INFO:__main__:2024-05-02T12:56:43.229489
INFO:__main__:Last scraped datetime saved successfully.
INFO:__main__:Started scraper at 12:56:43 04/05/2024
INFO:__main__:Fetching articles from page 1...
INFO:__main__:API URL: https://n1info.hr/wp-json/wp/v2/uc-all-posts, Parameters: {'per_page': 10, 'page': 1}
INFO:__main__:Fetching articles from page 2...
INFO:__main__:API URL: https://n1info.hr/wp-json/wp/v2/uc-all-posts, Parameters: {'per_page': 10, 'page': 2}
INFO:__main__:Fetching articles from page 3...
INFO:__main__:API URL: https://n1info.hr/wp-json/wp/v2/uc-all-posts, Parameters: {'per_page': 10, 'page': 3}
INFO:__main__:Fetching articles from page 4...
INFO:__main__:API URL: https://n1info.hr/wp-json/wp/v2/uc-all-posts, Parameters: {'per_page': 10, 'page': 4}
INFO:__main__:Fetching articles from page 5...
INFO:__main__:API URL: https://n1info.hr/wp-json/wp/v2/uc-all-posts, Parameters: {'per_page': 10, 'page': 5}
INFO:__main__:Fetching articles from page 6...
INFO:__main__:API URL: https://n1info.hr/wp-json/wp/v2/uc-all-posts, Parameters: {'per_page': 10, 'page': 6}
INFO:__main__:Fetching articles from page 7...
INFO:__main__:API URL: https://n1info.hr/wp-json/wp/v2/uc-all-posts, Parameters: {'per_page': 10, 'page': 7}
INFO:__main__:Fetching articles from page 8...
INFO:__main__:API URL: https://n1info.hr/wp-json/wp/v2/uc-all-posts, Parameters: {'per_page': 10, 'page': 8}
INFO:__main__:Fetching articles from page 9...
INFO:__main__:API URL: https://n1info.hr/wp-json/wp/v2/uc-all-posts, Parameters: {'per_page': 10, 'page': 9}
INFO:__main__:Fetching articles from page 10...
INFO:__main__:API URL: https://n1info.hr/wp-json/wp/v2/uc-all-posts, Parameters: {'per_page': 10, 'page': 10}
INFO:__main__:Fetching articles from page 11...
INFO:__main__:API URL: https://n1info.hr/wp-json/wp/v2/uc-all-posts, Parameters: {'per_page': 10, 'page': 11}
INFO:__main__:Fetching articles from page 12...
INFO:__main__:API URL: https://n1info.hr/wp-json/wp/v2/uc-all-posts, Parameters: {'per_page': 10, 'page': 12}
INFO:__main__:Stopping the loop as article datetime is older than or equal to last scraped datetime.
INFO:__main__:Last scraped datetime saved successfully.
INFO:__main__:Processing and saving the scraped articles...
INFO:__main__:Initiated setup at 12:57:28.743330 2024-05-04
INFO:__main__:Table 'articles' is dropped
INFO:__main__:Table 'articles' is created
INFO:__main__:2024-05-02T12:57:28.761704
INFO:__main__:Last scraped datetime saved successfully.
INFO:__main__:Started scraper at 12:57:29 04/05/2024
INFO:__main__:Fetching articles from page 1...
INFO:__main__:API URL: https://n1info.hr/wp-json/wp/v2/uc-all-posts, Parameters: {'per_page': 10, 'page': 1}
INFO:__main__:Fetching articles from page 2...
INFO:__main__:API URL: https://n1info.hr/wp-json/wp/v2/uc-all-posts, Parameters: {'per_page': 10, 'page': 2}
INFO:__main__:Fetching articles from page 3...
INFO:__main__:API URL: https://n1info.hr/wp-json/wp/v2/uc-all-posts, Parameters: {'per_page': 10, 'page': 3}
INFO:__main__:Fetching articles from page 4...
INFO:__main__:API URL: https://n1info.hr/wp-json/wp/v2/uc-all-posts, Parameters: {'per_page': 10, 'page': 4}
INFO:__main__:Fetching articles from page 5...
INFO:__main__:API URL: https://n1info.hr/wp-json/wp/v2/uc-all-posts, Parameters: {'per_page': 10, 'page': 5}
INFO:__main__:Fetching articles from page 6...
INFO:__main__:API URL: https://n1info.hr/wp-json/wp/v2/uc-all-posts, Parameters: {'per_page': 10, 'page': 6}
INFO:__main__:Fetching articles from page 7...
INFO:__main__:API URL: https://n1info.hr/wp-json/wp/v2/uc-all-posts, Parameters: {'per_page': 10, 'page': 7}
INFO:__main__:Fetching articles from page 8...
INFO:__main__:API URL: https://n1info.hr/wp-json/wp/v2/uc-all-posts, Parameters: {'per_page': 10, 'page': 8}
INFO:__main__:Fetching articles from page 9...
INFO:__main__:API URL: https://n1info.hr/wp-json/wp/v2/uc-all-posts, Parameters: {'per_page': 10, 'page': 9}
INFO:__main__:Fetching articles from page 10...
INFO:__main__:API URL: https://n1info.hr/wp-json/wp/v2/uc-all-posts, Parameters: {'per_page': 10, 'page': 10}
INFO:__main__:Fetching articles from page 11...
INFO:__main__:API URL: https://n1info.hr/wp-json/wp/v2/uc-all-posts, Parameters: {'per_page': 10, 'page': 11}
INFO:__main__:Fetching articles from page 12...
INFO:__main__:API URL: https://n1info.hr/wp-json/wp/v2/uc-all-posts, Parameters: {'per_page': 10, 'page': 12}
INFO:__main__:Stopping the loop as article datetime is older than or equal to last scraped datetime.
INFO:__main__:Last scraped datetime saved successfully.
INFO:__main__:Processing and saving the scraped articles...
INFO:__main__:Initiated setup at 12:58:02.299444 2024-05-04
INFO:__main__:Table 'articles' is dropped
INFO:__main__:Table 'articles' is created
INFO:__main__:2024-05-02T12:58:02.318350
INFO:__main__:Last scraped datetime saved successfully.
INFO:__main__:Started scraper at 12:58:02 04/05/2024
INFO:__main__:Fetching articles from page 1...
INFO:__main__:API URL: https://n1info.hr/wp-json/wp/v2/uc-all-posts, Parameters: {'per_page': 10, 'page': 1}
INFO:__main__:Initiated setup at 12:58:15.613031 2024-05-04
INFO:__main__:Table 'articles' is dropped
INFO:__main__:Table 'articles' is created
INFO:__main__:2024-05-02T12:58:15.631171
INFO:__main__:Last scraped datetime saved successfully.
INFO:__main__:Started scraper at 12:58:16 04/05/2024
INFO:__main__:Fetching articles from page 1...
INFO:__main__:API URL: https://n1info.hr/wp-json/wp/v2/uc-all-posts, Parameters: {'per_page': 10, 'page': 1}
INFO:__main__:Fetching articles from page 2...
INFO:__main__:API URL: https://n1info.hr/wp-json/wp/v2/uc-all-posts, Parameters: {'per_page': 10, 'page': 2}
INFO:__main__:Fetching articles from page 3...
INFO:__main__:API URL: https://n1info.hr/wp-json/wp/v2/uc-all-posts, Parameters: {'per_page': 10, 'page': 3}
INFO:__main__:Fetching articles from page 4...
INFO:__main__:API URL: https://n1info.hr/wp-json/wp/v2/uc-all-posts, Parameters: {'per_page': 10, 'page': 4}
INFO:__main__:Fetching articles from page 5...
INFO:__main__:API URL: https://n1info.hr/wp-json/wp/v2/uc-all-posts, Parameters: {'per_page': 10, 'page': 5}
INFO:__main__:Fetching articles from page 6...
INFO:__main__:API URL: https://n1info.hr/wp-json/wp/v2/uc-all-posts, Parameters: {'per_page': 10, 'page': 6}
INFO:__main__:Fetching articles from page 7...
INFO:__main__:API URL: https://n1info.hr/wp-json/wp/v2/uc-all-posts, Parameters: {'per_page': 10, 'page': 7}
INFO:__main__:Fetching articles from page 8...
INFO:__main__:API URL: https://n1info.hr/wp-json/wp/v2/uc-all-posts, Parameters: {'per_page': 10, 'page': 8}
INFO:__main__:Fetching articles from page 9...
INFO:__main__:API URL: https://n1info.hr/wp-json/wp/v2/uc-all-posts, Parameters: {'per_page': 10, 'page': 9}
INFO:__main__:Fetching articles from page 10...
INFO:__main__:API URL: https://n1info.hr/wp-json/wp/v2/uc-all-posts, Parameters: {'per_page': 10, 'page': 10}
INFO:__main__:Fetching articles from page 11...
INFO:__main__:API URL: https://n1info.hr/wp-json/wp/v2/uc-all-posts, Parameters: {'per_page': 10, 'page': 11}
INFO:__main__:Fetching articles from page 12...
INFO:__main__:API URL: https://n1info.hr/wp-json/wp/v2/uc-all-posts, Parameters: {'per_page': 10, 'page': 12}
INFO:__main__:Stopping the loop as article datetime is older than or equal to last scraped datetime.
INFO:__main__:Last scraped datetime saved successfully.
INFO:__main__:Processing and saving the scraped articles...
INFO:__main__:Initiated setup at 13:10:39.924144 2024-05-04
INFO:__main__:Table 'articles' is dropped
INFO:__main__:Table 'articles' is created
INFO:__main__:2024-05-02T13:10:39.940282
INFO:__main__:Last scraped datetime saved successfully.
INFO:__main__:Started scraper at 13:10:40 04/05/2024
INFO:__main__:Fetching articles from page 1...
INFO:__main__:API URL: https://n1info.hr/wp-json/wp/v2/uc-all-posts, Parameters: {'per_page': 10, 'page': 1}
INFO:__main__:Fetching articles from page 2...
INFO:__main__:API URL: https://n1info.hr/wp-json/wp/v2/uc-all-posts, Parameters: {'per_page': 10, 'page': 2}
INFO:__main__:Fetching articles from page 3...
INFO:__main__:API URL: https://n1info.hr/wp-json/wp/v2/uc-all-posts, Parameters: {'per_page': 10, 'page': 3}
INFO:__main__:Fetching articles from page 4...
INFO:__main__:API URL: https://n1info.hr/wp-json/wp/v2/uc-all-posts, Parameters: {'per_page': 10, 'page': 4}
INFO:__main__:Fetching articles from page 5...
INFO:__main__:API URL: https://n1info.hr/wp-json/wp/v2/uc-all-posts, Parameters: {'per_page': 10, 'page': 5}
INFO:__main__:Fetching articles from page 6...
INFO:__main__:API URL: https://n1info.hr/wp-json/wp/v2/uc-all-posts, Parameters: {'per_page': 10, 'page': 6}
INFO:__main__:Initiated setup at 13:11:41.047422 2024-05-04
INFO:__main__:Table 'articles' is dropped
INFO:__main__:Table 'articles' is created
INFO:__main__:2024-05-02T13:11:41.065360
INFO:__main__:Last scraped datetime saved successfully.
INFO:__main__:Started scraper at 13:11:41 04/05/2024
INFO:__main__:Initiated setup at 13:11:58.063068 2024-05-04
INFO:__main__:Table 'articles' is dropped
INFO:__main__:Table 'articles' is created
INFO:__main__:2024-05-02T13:11:58.083091
INFO:__main__:Last scraped datetime saved successfully.
INFO:__main__:Started scraper at 13:11:58 04/05/2024
INFO:__main__:Fetching articles from page 1...
INFO:__main__:API URL: https://n1info.hr/wp-json/wp/v2/uc-all-posts, Parameters: {'per_page': 10, 'page': 1}
INFO:__main__:Fetching articles from page 2...
INFO:__main__:API URL: https://n1info.hr/wp-json/wp/v2/uc-all-posts, Parameters: {'per_page': 10, 'page': 2}
INFO:__main__:Fetching articles from page 3...
INFO:__main__:API URL: https://n1info.hr/wp-json/wp/v2/uc-all-posts, Parameters: {'per_page': 10, 'page': 3}
INFO:__main__:Fetching articles from page 4...
INFO:__main__:API URL: https://n1info.hr/wp-json/wp/v2/uc-all-posts, Parameters: {'per_page': 10, 'page': 4}
INFO:__main__:Fetching articles from page 5...
INFO:__main__:API URL: https://n1info.hr/wp-json/wp/v2/uc-all-posts, Parameters: {'per_page': 10, 'page': 5}
INFO:__main__:Fetching articles from page 6...
INFO:__main__:API URL: https://n1info.hr/wp-json/wp/v2/uc-all-posts, Parameters: {'per_page': 10, 'page': 6}
INFO:__main__:Fetching articles from page 7...
INFO:__main__:API URL: https://n1info.hr/wp-json/wp/v2/uc-all-posts, Parameters: {'per_page': 10, 'page': 7}
INFO:__main__:Fetching articles from page 8...
INFO:__main__:API URL: https://n1info.hr/wp-json/wp/v2/uc-all-posts, Parameters: {'per_page': 10, 'page': 8}
INFO:__main__:Fetching articles from page 9...
INFO:__main__:API URL: https://n1info.hr/wp-json/wp/v2/uc-all-posts, Parameters: {'per_page': 10, 'page': 9}
INFO:__main__:Fetching articles from page 10...
INFO:__main__:API URL: https://n1info.hr/wp-json/wp/v2/uc-all-posts, Parameters: {'per_page': 10, 'page': 10}
INFO:__main__:Fetching articles from page 11...
INFO:__main__:API URL: https://n1info.hr/wp-json/wp/v2/uc-all-posts, Parameters: {'per_page': 10, 'page': 11}
INFO:__main__:Fetching articles from page 12...
INFO:__main__:API URL: https://n1info.hr/wp-json/wp/v2/uc-all-posts, Parameters: {'per_page': 10, 'page': 12}
INFO:__main__:Stopping the loop as article datetime is older than or equal to last scraped datetime.
INFO:__main__:Last scraped datetime saved successfully.
INFO:__main__:Processing and saving the scraped articles...
INFO:__main__:Initiated setup at 13:12:54.305571 2024-05-04
INFO:__main__:Table 'articles' is dropped
INFO:__main__:Table 'articles' is created
INFO:__main__:2024-05-02T13:12:54.323082
INFO:__main__:Last scraped datetime saved successfully.
INFO:__main__:Started scraper at 13:12:54 04/05/2024
INFO:__main__:Fetching articles from page 1...
INFO:__main__:API URL: https://n1info.hr/wp-json/wp/v2/uc-all-posts, Parameters: {'per_page': 10, 'page': 1}
INFO:__main__:Fetching articles from page 2...
INFO:__main__:API URL: https://n1info.hr/wp-json/wp/v2/uc-all-posts, Parameters: {'per_page': 10, 'page': 2}
INFO:__main__:Fetching articles from page 3...
INFO:__main__:API URL: https://n1info.hr/wp-json/wp/v2/uc-all-posts, Parameters: {'per_page': 10, 'page': 3}
INFO:__main__:Fetching articles from page 4...
INFO:__main__:API URL: https://n1info.hr/wp-json/wp/v2/uc-all-posts, Parameters: {'per_page': 10, 'page': 4}
INFO:__main__:Fetching articles from page 5...
INFO:__main__:API URL: https://n1info.hr/wp-json/wp/v2/uc-all-posts, Parameters: {'per_page': 10, 'page': 5}
INFO:__main__:Fetching articles from page 6...
INFO:__main__:API URL: https://n1info.hr/wp-json/wp/v2/uc-all-posts, Parameters: {'per_page': 10, 'page': 6}
INFO:__main__:Fetching articles from page 7...
INFO:__main__:API URL: https://n1info.hr/wp-json/wp/v2/uc-all-posts, Parameters: {'per_page': 10, 'page': 7}
INFO:__main__:Fetching articles from page 8...
INFO:__main__:API URL: https://n1info.hr/wp-json/wp/v2/uc-all-posts, Parameters: {'per_page': 10, 'page': 8}
INFO:__main__:Fetching articles from page 9...
INFO:__main__:API URL: https://n1info.hr/wp-json/wp/v2/uc-all-posts, Parameters: {'per_page': 10, 'page': 9}
INFO:__main__:Fetching articles from page 10...
INFO:__main__:API URL: https://n1info.hr/wp-json/wp/v2/uc-all-posts, Parameters: {'per_page': 10, 'page': 10}
INFO:__main__:Fetching articles from page 11...
INFO:__main__:API URL: https://n1info.hr/wp-json/wp/v2/uc-all-posts, Parameters: {'per_page': 10, 'page': 11}
INFO:__main__:Fetching articles from page 12...
INFO:__main__:API URL: https://n1info.hr/wp-json/wp/v2/uc-all-posts, Parameters: {'per_page': 10, 'page': 12}
INFO:__main__:Stopping the loop as article datetime is older than or equal to last scraped datetime.
INFO:__main__:Last scraped datetime saved successfully.
INFO:__main__:Processing and saving the scraped articles...
INFO:__main__:Initiated setup at 13:13:18.785938 2024-05-04
INFO:__main__:Table 'articles' is dropped
INFO:__main__:Table 'articles' is created
INFO:__main__:2024-05-02T13:13:18.803045
INFO:__main__:Last scraped datetime saved successfully.
INFO:__main__:Started scraper at 13:13:19 04/05/2024
INFO:__main__:Fetching articles from page 1...
INFO:__main__:API URL: https://n1info.hr/wp-json/wp/v2/uc-all-posts, Parameters: {'per_page': 10, 'page': 1}
INFO:__main__:Fetching articles from page 2...
INFO:__main__:API URL: https://n1info.hr/wp-json/wp/v2/uc-all-posts, Parameters: {'per_page': 10, 'page': 2}
INFO:__main__:Fetching articles from page 3...
INFO:__main__:API URL: https://n1info.hr/wp-json/wp/v2/uc-all-posts, Parameters: {'per_page': 10, 'page': 3}
INFO:__main__:Fetching articles from page 4...
INFO:__main__:API URL: https://n1info.hr/wp-json/wp/v2/uc-all-posts, Parameters: {'per_page': 10, 'page': 4}
INFO:__main__:Fetching articles from page 5...
INFO:__main__:API URL: https://n1info.hr/wp-json/wp/v2/uc-all-posts, Parameters: {'per_page': 10, 'page': 5}
INFO:__main__:Fetching articles from page 6...
INFO:__main__:API URL: https://n1info.hr/wp-json/wp/v2/uc-all-posts, Parameters: {'per_page': 10, 'page': 6}
INFO:__main__:Fetching articles from page 7...
INFO:__main__:API URL: https://n1info.hr/wp-json/wp/v2/uc-all-posts, Parameters: {'per_page': 10, 'page': 7}
INFO:__main__:Fetching articles from page 8...
INFO:__main__:API URL: https://n1info.hr/wp-json/wp/v2/uc-all-posts, Parameters: {'per_page': 10, 'page': 8}
INFO:__main__:Fetching articles from page 9...
INFO:__main__:API URL: https://n1info.hr/wp-json/wp/v2/uc-all-posts, Parameters: {'per_page': 10, 'page': 9}
INFO:__main__:Fetching articles from page 10...
INFO:__main__:API URL: https://n1info.hr/wp-json/wp/v2/uc-all-posts, Parameters: {'per_page': 10, 'page': 10}
INFO:__main__:Fetching articles from page 11...
INFO:__main__:API URL: https://n1info.hr/wp-json/wp/v2/uc-all-posts, Parameters: {'per_page': 10, 'page': 11}
INFO:__main__:Fetching articles from page 12...
INFO:__main__:API URL: https://n1info.hr/wp-json/wp/v2/uc-all-posts, Parameters: {'per_page': 10, 'page': 12}
INFO:__main__:Stopping the loop as article datetime is older than or equal to last scraped datetime.
INFO:__main__:Last scraped datetime saved successfully.
INFO:__main__:Processing and saving the scraped articles...
INFO:__main__:Initiated setup at 13:14:30.591345 2024-05-04
INFO:__main__:Table 'articles' is dropped
INFO:__main__:Table 'articles' is created
INFO:__main__:2024-05-02T13:14:30.613927
INFO:__main__:Last scraped datetime saved successfully.
INFO:__main__:Started scraper at 13:14:31 04/05/2024
INFO:__main__:Fetching articles from page 1...
INFO:__main__:API URL: https://n1info.hr/wp-json/wp/v2/uc-all-posts, Parameters: {'per_page': 10, 'page': 1}
INFO:__main__:Fetching articles from page 2...
INFO:__main__:API URL: https://n1info.hr/wp-json/wp/v2/uc-all-posts, Parameters: {'per_page': 10, 'page': 2}
INFO:__main__:Fetching articles from page 3...
INFO:__main__:API URL: https://n1info.hr/wp-json/wp/v2/uc-all-posts, Parameters: {'per_page': 10, 'page': 3}
INFO:__main__:Fetching articles from page 4...
INFO:__main__:API URL: https://n1info.hr/wp-json/wp/v2/uc-all-posts, Parameters: {'per_page': 10, 'page': 4}
INFO:__main__:Fetching articles from page 5...
INFO:__main__:API URL: https://n1info.hr/wp-json/wp/v2/uc-all-posts, Parameters: {'per_page': 10, 'page': 5}
INFO:__main__:Fetching articles from page 6...
INFO:__main__:API URL: https://n1info.hr/wp-json/wp/v2/uc-all-posts, Parameters: {'per_page': 10, 'page': 6}
INFO:__main__:Fetching articles from page 7...
INFO:__main__:API URL: https://n1info.hr/wp-json/wp/v2/uc-all-posts, Parameters: {'per_page': 10, 'page': 7}
INFO:__main__:Fetching articles from page 8...
INFO:__main__:API URL: https://n1info.hr/wp-json/wp/v2/uc-all-posts, Parameters: {'per_page': 10, 'page': 8}
INFO:__main__:Fetching articles from page 9...
INFO:__main__:API URL: https://n1info.hr/wp-json/wp/v2/uc-all-posts, Parameters: {'per_page': 10, 'page': 9}
INFO:__main__:Fetching articles from page 10...
INFO:__main__:API URL: https://n1info.hr/wp-json/wp/v2/uc-all-posts, Parameters: {'per_page': 10, 'page': 10}
INFO:__main__:Fetching articles from page 11...
INFO:__main__:API URL: https://n1info.hr/wp-json/wp/v2/uc-all-posts, Parameters: {'per_page': 10, 'page': 11}
INFO:__main__:Fetching articles from page 12...
INFO:__main__:API URL: https://n1info.hr/wp-json/wp/v2/uc-all-posts, Parameters: {'per_page': 10, 'page': 12}
INFO:__main__:Stopping the loop as article datetime is older than or equal to last scraped datetime.
INFO:__main__:Last scraped datetime saved successfully.
INFO:__main__:Processing and saving the scraped articles...
INFO:__main__:Initiated setup at 13:15:20.633870 2024-05-04
INFO:__main__:Table 'articles' is dropped
INFO:__main__:Table 'articles' is created
INFO:__main__:2024-05-02T13:15:20.649897
INFO:__main__:Last scraped datetime saved successfully.
INFO:__main__:Started scraper at 13:15:21 04/05/2024
INFO:__main__:Fetching articles from page 1...
INFO:__main__:API URL: https://n1info.hr/wp-json/wp/v2/uc-all-posts, Parameters: {'per_page': 10, 'page': 1}
INFO:__main__:Fetching articles from page 2...
INFO:__main__:API URL: https://n1info.hr/wp-json/wp/v2/uc-all-posts, Parameters: {'per_page': 10, 'page': 2}
INFO:__main__:Fetching articles from page 3...
INFO:__main__:API URL: https://n1info.hr/wp-json/wp/v2/uc-all-posts, Parameters: {'per_page': 10, 'page': 3}
INFO:__main__:Fetching articles from page 4...
INFO:__main__:API URL: https://n1info.hr/wp-json/wp/v2/uc-all-posts, Parameters: {'per_page': 10, 'page': 4}
INFO:__main__:Fetching articles from page 5...
INFO:__main__:API URL: https://n1info.hr/wp-json/wp/v2/uc-all-posts, Parameters: {'per_page': 10, 'page': 5}
INFO:__main__:Fetching articles from page 6...
INFO:__main__:API URL: https://n1info.hr/wp-json/wp/v2/uc-all-posts, Parameters: {'per_page': 10, 'page': 6}
INFO:__main__:Fetching articles from page 7...
INFO:__main__:API URL: https://n1info.hr/wp-json/wp/v2/uc-all-posts, Parameters: {'per_page': 10, 'page': 7}
INFO:__main__:Fetching articles from page 8...
INFO:__main__:API URL: https://n1info.hr/wp-json/wp/v2/uc-all-posts, Parameters: {'per_page': 10, 'page': 8}
INFO:__main__:Fetching articles from page 9...
INFO:__main__:API URL: https://n1info.hr/wp-json/wp/v2/uc-all-posts, Parameters: {'per_page': 10, 'page': 9}
INFO:__main__:Fetching articles from page 10...
INFO:__main__:API URL: https://n1info.hr/wp-json/wp/v2/uc-all-posts, Parameters: {'per_page': 10, 'page': 10}
INFO:__main__:Initiated setup at 13:15:43.813794 2024-05-04
INFO:__main__:Table 'articles' is dropped
INFO:__main__:Table 'articles' is created
INFO:__main__:2024-05-02T13:15:43.834902
INFO:__main__:Last scraped datetime saved successfully.
INFO:__main__:Started scraper at 13:15:44 04/05/2024
INFO:__main__:Fetching articles from page 1...
INFO:__main__:API URL: https://n1info.hr/wp-json/wp/v2/uc-all-posts, Parameters: {'per_page': 10, 'page': 1}
INFO:__main__:Fetching articles from page 2...
INFO:__main__:API URL: https://n1info.hr/wp-json/wp/v2/uc-all-posts, Parameters: {'per_page': 10, 'page': 2}
INFO:__main__:Fetching articles from page 3...
INFO:__main__:API URL: https://n1info.hr/wp-json/wp/v2/uc-all-posts, Parameters: {'per_page': 10, 'page': 3}
INFO:__main__:Fetching articles from page 4...
INFO:__main__:API URL: https://n1info.hr/wp-json/wp/v2/uc-all-posts, Parameters: {'per_page': 10, 'page': 4}
INFO:__main__:Fetching articles from page 5...
INFO:__main__:API URL: https://n1info.hr/wp-json/wp/v2/uc-all-posts, Parameters: {'per_page': 10, 'page': 5}
INFO:__main__:Fetching articles from page 6...
INFO:__main__:API URL: https://n1info.hr/wp-json/wp/v2/uc-all-posts, Parameters: {'per_page': 10, 'page': 6}
INFO:__main__:Fetching articles from page 7...
INFO:__main__:API URL: https://n1info.hr/wp-json/wp/v2/uc-all-posts, Parameters: {'per_page': 10, 'page': 7}
INFO:__main__:Fetching articles from page 8...
INFO:__main__:API URL: https://n1info.hr/wp-json/wp/v2/uc-all-posts, Parameters: {'per_page': 10, 'page': 8}
INFO:__main__:Fetching articles from page 9...
INFO:__main__:API URL: https://n1info.hr/wp-json/wp/v2/uc-all-posts, Parameters: {'per_page': 10, 'page': 9}
INFO:__main__:Fetching articles from page 10...
INFO:__main__:API URL: https://n1info.hr/wp-json/wp/v2/uc-all-posts, Parameters: {'per_page': 10, 'page': 10}
INFO:__main__:Fetching articles from page 11...
INFO:__main__:API URL: https://n1info.hr/wp-json/wp/v2/uc-all-posts, Parameters: {'per_page': 10, 'page': 11}
INFO:__main__:Fetching articles from page 12...
INFO:__main__:API URL: https://n1info.hr/wp-json/wp/v2/uc-all-posts, Parameters: {'per_page': 10, 'page': 12}
INFO:__main__:Stopping the loop as article datetime is older than or equal to last scraped datetime.
INFO:__main__:Last scraped datetime saved successfully.
INFO:__main__:Processing and saving the scraped articles...
